{"/Users/avijeetnair/Desktop/Relevel Projects/BackEnd/CRM_Backend/app.js": {"path":"/Users/avijeetnair/Desktop/Relevel Projects/BackEnd/CRM_Backend/app.js","statementMap":{"0":{"start":{"line":1,"column":17},"end":{"line":1,"column":47}},"1":{"start":{"line":2,"column":17},"end":{"line":2,"column":36}},"2":{"start":{"line":3,"column":23},"end":{"line":3,"column":63}},"3":{"start":{"line":4,"column":16},"end":{"line":4,"column":34}},"4":{"start":{"line":5,"column":12},"end":{"line":5,"column":21}},"5":{"start":{"line":6,"column":13},"end":{"line":6,"column":43}},"6":{"start":{"line":7,"column":15},"end":{"line":7,"column":34}},"7":{"start":{"line":8,"column":23},"end":{"line":8,"column":51}},"8":{"start":{"line":9,"column":18},"end":{"line":9,"column":46}},"9":{"start":{"line":13,"column":15},"end":{"line":13,"column":51}},"10":{"start":{"line":15,"column":4},"end":{"line":18,"column":5}},"11":{"start":{"line":16,"column":8},"end":{"line":16,"column":50}},"12":{"start":{"line":17,"column":8},"end":{"line":17,"column":15}},"13":{"start":{"line":20,"column":4},"end":{"line":33,"column":5}},"14":{"start":{"line":21,"column":7},"end":{"line":28,"column":9}},"15":{"start":{"line":29,"column":7},"end":{"line":29,"column":25}},"16":{"start":{"line":32,"column":8},"end":{"line":32,"column":33}},"17":{"start":{"line":36,"column":0},"end":{"line":36,"column":23}},"18":{"start":{"line":37,"column":0},"end":{"line":37,"column":34}},"19":{"start":{"line":38,"column":11},"end":{"line":38,"column":30}},"20":{"start":{"line":39,"column":0},"end":{"line":39,"column":58}},"21":{"start":{"line":39,"column":21},"end":{"line":39,"column":56}},"22":{"start":{"line":40,"column":0},"end":{"line":43,"column":2}},"23":{"start":{"line":41,"column":4},"end":{"line":41,"column":42}},"24":{"start":{"line":42,"column":4},"end":{"line":42,"column":10}},"25":{"start":{"line":44,"column":0},"end":{"line":44,"column":44}},"26":{"start":{"line":45,"column":0},"end":{"line":45,"column":16}},"27":{"start":{"line":47,"column":17},"end":{"line":47,"column":48}},"28":{"start":{"line":48,"column":0},"end":{"line":48,"column":16}},"29":{"start":{"line":50,"column":19},"end":{"line":50,"column":52}},"30":{"start":{"line":51,"column":0},"end":{"line":51,"column":18}},"31":{"start":{"line":56,"column":0},"end":{"line":56,"column":83}},"32":{"start":{"line":56,"column":40},"end":{"line":56,"column":82}}},"fnMap":{"0":{"name":"init","decl":{"start":{"line":12,"column":15},"end":{"line":12,"column":19}},"loc":{"start":{"line":12,"column":21},"end":{"line":34,"column":1}},"line":12},"1":{"name":"(anonymous_1)","decl":{"start":{"line":39,"column":15},"end":{"line":39,"column":16}},"loc":{"start":{"line":39,"column":21},"end":{"line":39,"column":56}},"line":39},"2":{"name":"(anonymous_2)","decl":{"start":{"line":40,"column":16},"end":{"line":40,"column":17}},"loc":{"start":{"line":40,"column":22},"end":{"line":43,"column":1}},"line":40},"3":{"name":"(anonymous_3)","decl":{"start":{"line":56,"column":34},"end":{"line":56,"column":35}},"loc":{"start":{"line":56,"column":40},"end":{"line":56,"column":82}},"line":56}},"branchMap":{"0":{"loc":{"start":{"line":15,"column":4},"end":{"line":18,"column":5}},"type":"if","locations":[{"start":{"line":15,"column":4},"end":{"line":18,"column":5}},{"start":{},"end":{}}],"line":15}},"s":{"0":2,"1":2,"2":2,"3":2,"4":2,"5":2,"6":2,"7":2,"8":2,"9":2,"10":2,"11":0,"12":0,"13":2,"14":2,"15":2,"16":0,"17":2,"18":2,"19":2,"20":2,"21":0,"22":2,"23":2,"24":2,"25":2,"26":2,"27":2,"28":2,"29":2,"30":2,"31":2,"32":2},"f":{"0":2,"1":0,"2":2,"3":2},"b":{"0":[0,2]},"_coverageSchema":"1a1c01bbd47fc00a2c39e90264f33305004495a9","hash":"abca02bbfc01a33bbf5a12b4aa0ea1e7860120fc"}
,"/Users/avijeetnair/Desktop/Relevel Projects/BackEnd/CRM_Backend/configs/auth.config.js": {"path":"/Users/avijeetnair/Desktop/Relevel Projects/BackEnd/CRM_Backend/configs/auth.config.js","statementMap":{"0":{"start":{"line":1,"column":0},"end":{"line":3,"column":1}}},"fnMap":{},"branchMap":{},"s":{"0":3},"f":{},"b":{},"_coverageSchema":"1a1c01bbd47fc00a2c39e90264f33305004495a9","hash":"efb1ae50593e046dc74f48c7b599bb1f8e42c28f"}
,"/Users/avijeetnair/Desktop/Relevel Projects/BackEnd/CRM_Backend/configs/db.config.js": {"path":"/Users/avijeetnair/Desktop/Relevel Projects/BackEnd/CRM_Backend/configs/db.config.js","statementMap":{"0":{"start":{"line":1,"column":0},"end":{"line":4,"column":1}}},"fnMap":{},"branchMap":{},"s":{"0":2},"f":{},"b":{},"_coverageSchema":"1a1c01bbd47fc00a2c39e90264f33305004495a9","hash":"e54d96fe5b5cffaf03af31d2f050d34a5cd30317"}
,"/Users/avijeetnair/Desktop/Relevel Projects/BackEnd/CRM_Backend/controllers/auth.controller.js": {"path":"/Users/avijeetnair/Desktop/Relevel Projects/BackEnd/CRM_Backend/controllers/auth.controller.js","statementMap":{"0":{"start":{"line":1,"column":13},"end":{"line":1,"column":44}},"1":{"start":{"line":2,"column":22},"end":{"line":2,"column":51}},"2":{"start":{"line":3,"column":18},"end":{"line":3,"column":47}},"3":{"start":{"line":4,"column":15},"end":{"line":4,"column":34}},"4":{"start":{"line":5,"column":12},"end":{"line":5,"column":35}},"5":{"start":{"line":6,"column":15},"end":{"line":6,"column":48}},"6":{"start":{"line":9,"column":0},"end":{"line":47,"column":1}},"7":{"start":{"line":12,"column":4},"end":{"line":17,"column":5}},"8":{"start":{"line":14,"column":8},"end":{"line":14,"column":49}},"9":{"start":{"line":16,"column":8},"end":{"line":16,"column":50}},"10":{"start":{"line":19,"column":4},"end":{"line":19,"column":20}},"11":{"start":{"line":20,"column":20},"end":{"line":27,"column":5}},"12":{"start":{"line":29,"column":4},"end":{"line":46,"column":5}},"13":{"start":{"line":30,"column":28},"end":{"line":30,"column":54}},"14":{"start":{"line":31,"column":28},"end":{"line":39,"column":9}},"15":{"start":{"line":40,"column":8},"end":{"line":40,"column":41}},"16":{"start":{"line":42,"column":8},"end":{"line":42,"column":75}},"17":{"start":{"line":43,"column":8},"end":{"line":45,"column":10}},"18":{"start":{"line":49,"column":0},"end":{"line":91,"column":1}},"19":{"start":{"line":50,"column":17},"end":{"line":50,"column":64}},"20":{"start":{"line":51,"column":4},"end":{"line":51,"column":43}},"21":{"start":{"line":53,"column":4},"end":{"line":58,"column":5}},"22":{"start":{"line":54,"column":8},"end":{"line":56,"column":10}},"23":{"start":{"line":57,"column":8},"end":{"line":57,"column":14}},"24":{"start":{"line":60,"column":4},"end":{"line":65,"column":5}},"25":{"start":{"line":61,"column":8},"end":{"line":63,"column":10}},"26":{"start":{"line":64,"column":8},"end":{"line":64,"column":14}},"27":{"start":{"line":67,"column":26},"end":{"line":70,"column":5}},"28":{"start":{"line":72,"column":4},"end":{"line":77,"column":5}},"29":{"start":{"line":73,"column":8},"end":{"line":75,"column":10}},"30":{"start":{"line":76,"column":8},"end":{"line":76,"column":14}},"31":{"start":{"line":79,"column":16},"end":{"line":81,"column":6}},"32":{"start":{"line":83,"column":4},"end":{"line":90,"column":6}}},"fnMap":{"0":{"name":"(anonymous_0)","decl":{"start":{"line":9,"column":17},"end":{"line":9,"column":18}},"loc":{"start":{"line":9,"column":37},"end":{"line":47,"column":1}},"line":9},"1":{"name":"(anonymous_1)","decl":{"start":{"line":49,"column":17},"end":{"line":49,"column":18}},"loc":{"start":{"line":49,"column":37},"end":{"line":91,"column":1}},"line":49}},"branchMap":{"0":{"loc":{"start":{"line":12,"column":4},"end":{"line":17,"column":5}},"type":"if","locations":[{"start":{"line":12,"column":4},"end":{"line":17,"column":5}},{"start":{"line":15,"column":11},"end":{"line":17,"column":5}}],"line":12},"1":{"loc":{"start":{"line":12,"column":8},"end":{"line":13,"column":44}},"type":"binary-expr","locations":[{"start":{"line":12,"column":8},"end":{"line":12,"column":47}},{"start":{"line":13,"column":8},"end":{"line":13,"column":44}}],"line":12},"2":{"loc":{"start":{"line":53,"column":4},"end":{"line":58,"column":5}},"type":"if","locations":[{"start":{"line":53,"column":4},"end":{"line":58,"column":5}},{"start":{},"end":{}}],"line":53},"3":{"loc":{"start":{"line":60,"column":4},"end":{"line":65,"column":5}},"type":"if","locations":[{"start":{"line":60,"column":4},"end":{"line":65,"column":5}},{"start":{},"end":{}}],"line":60},"4":{"loc":{"start":{"line":72,"column":4},"end":{"line":77,"column":5}},"type":"if","locations":[{"start":{"line":72,"column":4},"end":{"line":77,"column":5}},{"start":{},"end":{}}],"line":72}},"s":{"0":3,"1":3,"2":3,"3":3,"4":3,"5":3,"6":3,"7":3,"8":1,"9":2,"10":3,"11":3,"12":3,"13":3,"14":2,"15":2,"16":1,"17":1,"18":3,"19":5,"20":5,"21":5,"22":1,"23":1,"24":4,"25":1,"26":1,"27":3,"28":3,"29":1,"30":1,"31":2,"32":2},"f":{"0":3,"1":5},"b":{"0":[1,2],"1":[3,2],"2":[1,4],"3":[1,3],"4":[1,2]},"_coverageSchema":"1a1c01bbd47fc00a2c39e90264f33305004495a9","hash":"cda7be9a09b9f7a295126a530c6ee62ec677147f"}
,"/Users/avijeetnair/Desktop/Relevel Projects/BackEnd/CRM_Backend/controllers/ticket.controller.js": {"path":"/Users/avijeetnair/Desktop/Relevel Projects/BackEnd/CRM_Backend/controllers/ticket.controller.js","statementMap":{"0":{"start":{"line":1,"column":13},"end":{"line":1,"column":44}},"1":{"start":{"line":2,"column":15},"end":{"line":2,"column":48}},"2":{"start":{"line":3,"column":18},"end":{"line":3,"column":47}},"3":{"start":{"line":4,"column":24},"end":{"line":4,"column":59}},"4":{"start":{"line":5,"column":18},"end":{"line":5,"column":56}},"5":{"start":{"line":7,"column":0},"end":{"line":51,"column":1}},"6":{"start":{"line":8,"column":25},"end":{"line":14,"column":5}},"7":{"start":{"line":16,"column":21},"end":{"line":19,"column":6}},"8":{"start":{"line":21,"column":4},"end":{"line":21,"column":43}},"9":{"start":{"line":23,"column":4},"end":{"line":50,"column":5}},"10":{"start":{"line":24,"column":23},"end":{"line":24,"column":56}},"11":{"start":{"line":26,"column":8},"end":{"line":44,"column":9}},"12":{"start":{"line":27,"column":25},"end":{"line":29,"column":14}},"13":{"start":{"line":30,"column":12},"end":{"line":30,"column":48}},"14":{"start":{"line":31,"column":12},"end":{"line":31,"column":29}},"15":{"start":{"line":33,"column":12},"end":{"line":33,"column":53}},"16":{"start":{"line":34,"column":12},"end":{"line":34,"column":33}},"17":{"start":{"line":36,"column":12},"end":{"line":41,"column":13}},"18":{"start":{"line":43,"column":12},"end":{"line":43,"column":72}},"19":{"start":{"line":46,"column":8},"end":{"line":46,"column":77}},"20":{"start":{"line":47,"column":8},"end":{"line":49,"column":10}},"21":{"start":{"line":53,"column":18},"end":{"line":57,"column":1}},"22":{"start":{"line":54,"column":4},"end":{"line":56,"column":50}},"23":{"start":{"line":59,"column":0},"end":{"line":107,"column":1}},"24":{"start":{"line":60,"column":19},"end":{"line":60,"column":63}},"25":{"start":{"line":62,"column":22},"end":{"line":64,"column":6}},"26":{"start":{"line":66,"column":4},"end":{"line":106,"column":5}},"27":{"start":{"line":67,"column":8},"end":{"line":69,"column":26}},"28":{"start":{"line":70,"column":8},"end":{"line":72,"column":32}},"29":{"start":{"line":73,"column":8},"end":{"line":75,"column":35}},"30":{"start":{"line":76,"column":8},"end":{"line":78,"column":27}},"31":{"start":{"line":79,"column":8},"end":{"line":81,"column":29}},"32":{"start":{"line":82,"column":8},"end":{"line":82,"column":27}},"33":{"start":{"line":84,"column":25},"end":{"line":86,"column":10}},"34":{"start":{"line":88,"column":25},"end":{"line":90,"column":10}},"35":{"start":{"line":92,"column":8},"end":{"line":97,"column":9}},"36":{"start":{"line":99,"column":8},"end":{"line":99,"column":68}},"37":{"start":{"line":102,"column":8},"end":{"line":102,"column":90}},"38":{"start":{"line":103,"column":8},"end":{"line":105,"column":10}},"39":{"start":{"line":109,"column":0},"end":{"line":134,"column":1}},"40":{"start":{"line":116,"column":21},"end":{"line":116,"column":23}},"41":{"start":{"line":118,"column":4},"end":{"line":120,"column":5}},"42":{"start":{"line":119,"column":8},"end":{"line":119,"column":42}},"43":{"start":{"line":122,"column":22},"end":{"line":122,"column":69}},"44":{"start":{"line":124,"column":4},"end":{"line":130,"column":5}},"45":{"start":{"line":126,"column":11},"end":{"line":130,"column":5}},"46":{"start":{"line":127,"column":8},"end":{"line":127,"column":44}},"47":{"start":{"line":129,"column":8},"end":{"line":129,"column":44}},"48":{"start":{"line":132,"column":20},"end":{"line":132,"column":47}},"49":{"start":{"line":133,"column":4},"end":{"line":133,"column":69}},"50":{"start":{"line":137,"column":0},"end":{"line":143,"column":1}},"51":{"start":{"line":138,"column":19},"end":{"line":140,"column":6}},"52":{"start":{"line":142,"column":4},"end":{"line":142,"column":64}}},"fnMap":{"0":{"name":"(anonymous_0)","decl":{"start":{"line":7,"column":23},"end":{"line":7,"column":24}},"loc":{"start":{"line":7,"column":43},"end":{"line":51,"column":1}},"line":7},"1":{"name":"(anonymous_1)","decl":{"start":{"line":53,"column":18},"end":{"line":53,"column":19}},"loc":{"start":{"line":53,"column":36},"end":{"line":57,"column":1}},"line":53},"2":{"name":"(anonymous_2)","decl":{"start":{"line":59,"column":23},"end":{"line":59,"column":24}},"loc":{"start":{"line":59,"column":43},"end":{"line":107,"column":1}},"line":59},"3":{"name":"(anonymous_3)","decl":{"start":{"line":109,"column":24},"end":{"line":109,"column":25}},"loc":{"start":{"line":109,"column":44},"end":{"line":134,"column":1}},"line":109},"4":{"name":"(anonymous_4)","decl":{"start":{"line":137,"column":23},"end":{"line":137,"column":24}},"loc":{"start":{"line":137,"column":43},"end":{"line":143,"column":1}},"line":137}},"branchMap":{"0":{"loc":{"start":{"line":26,"column":8},"end":{"line":44,"column":9}},"type":"if","locations":[{"start":{"line":26,"column":8},"end":{"line":44,"column":9}},{"start":{},"end":{}}],"line":26},"1":{"loc":{"start":{"line":54,"column":11},"end":{"line":56,"column":50}},"type":"binary-expr","locations":[{"start":{"line":54,"column":11},"end":{"line":54,"column":41}},{"start":{"line":55,"column":8},"end":{"line":55,"column":38}},{"start":{"line":56,"column":8},"end":{"line":56,"column":50}}],"line":54},"2":{"loc":{"start":{"line":66,"column":4},"end":{"line":106,"column":5}},"type":"if","locations":[{"start":{"line":66,"column":4},"end":{"line":106,"column":5}},{"start":{"line":101,"column":11},"end":{"line":106,"column":5}}],"line":66},"3":{"loc":{"start":{"line":67,"column":23},"end":{"line":69,"column":26}},"type":"cond-expr","locations":[{"start":{"line":68,"column":14},"end":{"line":68,"column":28}},{"start":{"line":69,"column":14},"end":{"line":69,"column":26}}],"line":67},"4":{"loc":{"start":{"line":70,"column":29},"end":{"line":72,"column":32}},"type":"cond-expr","locations":[{"start":{"line":71,"column":14},"end":{"line":71,"column":34}},{"start":{"line":72,"column":14},"end":{"line":72,"column":32}}],"line":70},"5":{"loc":{"start":{"line":73,"column":32},"end":{"line":75,"column":35}},"type":"cond-expr","locations":[{"start":{"line":74,"column":14},"end":{"line":74,"column":37}},{"start":{"line":75,"column":14},"end":{"line":75,"column":35}}],"line":73},"6":{"loc":{"start":{"line":76,"column":24},"end":{"line":78,"column":27}},"type":"cond-expr","locations":[{"start":{"line":77,"column":14},"end":{"line":77,"column":29}},{"start":{"line":78,"column":14},"end":{"line":78,"column":27}}],"line":76},"7":{"loc":{"start":{"line":79,"column":26},"end":{"line":81,"column":29}},"type":"cond-expr","locations":[{"start":{"line":80,"column":14},"end":{"line":80,"column":31}},{"start":{"line":81,"column":14},"end":{"line":81,"column":29}}],"line":79},"8":{"loc":{"start":{"line":118,"column":4},"end":{"line":120,"column":5}},"type":"if","locations":[{"start":{"line":118,"column":4},"end":{"line":120,"column":5}},{"start":{},"end":{}}],"line":118},"9":{"loc":{"start":{"line":124,"column":4},"end":{"line":130,"column":5}},"type":"if","locations":[{"start":{"line":124,"column":4},"end":{"line":130,"column":5}},{"start":{"line":126,"column":11},"end":{"line":130,"column":5}}],"line":124},"10":{"loc":{"start":{"line":126,"column":11},"end":{"line":130,"column":5}},"type":"if","locations":[{"start":{"line":126,"column":11},"end":{"line":130,"column":5}},{"start":{"line":128,"column":11},"end":{"line":130,"column":5}}],"line":126}},"s":{"0":3,"1":3,"2":3,"3":3,"4":3,"5":3,"6":1,"7":1,"8":1,"9":1,"10":1,"11":0,"12":0,"13":0,"14":0,"15":0,"16":0,"17":0,"18":0,"19":1,"20":1,"21":3,"22":1,"23":3,"24":1,"25":1,"26":1,"27":0,"28":0,"29":0,"30":0,"31":0,"32":0,"33":0,"34":0,"35":0,"36":0,"37":1,"38":1,"39":3,"40":1,"41":1,"42":1,"43":1,"44":1,"45":1,"46":0,"47":1,"48":1,"49":1,"50":3,"51":1,"52":1},"f":{"0":1,"1":1,"2":1,"3":1,"4":1},"b":{"0":[0,0],"1":[1,1,1],"2":[0,1],"3":[0,0],"4":[0,0],"5":[0,0],"6":[0,0],"7":[0,0],"8":[1,0],"9":[0,1],"10":[0,1]},"_coverageSchema":"1a1c01bbd47fc00a2c39e90264f33305004495a9","hash":"304a51f89a7391bc097aa2c5af5e550def885d07"}
,"/Users/avijeetnair/Desktop/Relevel Projects/BackEnd/CRM_Backend/controllers/user.controller.js": {"path":"/Users/avijeetnair/Desktop/Relevel Projects/BackEnd/CRM_Backend/controllers/user.controller.js","statementMap":{"0":{"start":{"line":6,"column":14},"end":{"line":6,"column":45}},"1":{"start":{"line":7,"column":25},"end":{"line":7,"column":60}},"2":{"start":{"line":9,"column":18},"end":{"line":20,"column":2}},"3":{"start":{"line":11,"column":5},"end":{"line":18,"column":6}},"4":{"start":{"line":12,"column":9},"end":{"line":12,"column":34}},"5":{"start":{"line":14,"column":9},"end":{"line":14,"column":54}},"6":{"start":{"line":15,"column":9},"end":{"line":17,"column":11}},"7":{"start":{"line":19,"column":5},"end":{"line":19,"column":17}},"8":{"start":{"line":22,"column":21},"end":{"line":35,"column":2}},"9":{"start":{"line":24,"column":5},"end":{"line":33,"column":6}},"10":{"start":{"line":25,"column":9},"end":{"line":27,"column":12}},"11":{"start":{"line":29,"column":9},"end":{"line":29,"column":83}},"12":{"start":{"line":30,"column":9},"end":{"line":32,"column":11}},"13":{"start":{"line":34,"column":5},"end":{"line":34,"column":17}},"14":{"start":{"line":37,"column":30},"end":{"line":51,"column":2}},"15":{"start":{"line":39,"column":5},"end":{"line":49,"column":6}},"16":{"start":{"line":40,"column":9},"end":{"line":43,"column":12}},"17":{"start":{"line":45,"column":9},"end":{"line":45,"column":118}},"18":{"start":{"line":46,"column":9},"end":{"line":48,"column":11}},"19":{"start":{"line":50,"column":5},"end":{"line":50,"column":17}},"20":{"start":{"line":53,"column":21},"end":{"line":66,"column":2}},"21":{"start":{"line":55,"column":5},"end":{"line":64,"column":6}},"22":{"start":{"line":56,"column":9},"end":{"line":58,"column":12}},"23":{"start":{"line":60,"column":9},"end":{"line":60,"column":85}},"24":{"start":{"line":61,"column":9},"end":{"line":63,"column":11}},"25":{"start":{"line":65,"column":5},"end":{"line":65,"column":17}},"26":{"start":{"line":68,"column":23},"end":{"line":81,"column":2}},"27":{"start":{"line":70,"column":5},"end":{"line":79,"column":6}},"28":{"start":{"line":71,"column":9},"end":{"line":73,"column":12}},"29":{"start":{"line":75,"column":9},"end":{"line":75,"column":89}},"30":{"start":{"line":76,"column":9},"end":{"line":78,"column":11}},"31":{"start":{"line":80,"column":5},"end":{"line":80,"column":17}},"32":{"start":{"line":85,"column":1},"end":{"line":102,"column":2}},"33":{"start":{"line":87,"column":23},"end":{"line":87,"column":41}},"34":{"start":{"line":88,"column":25},"end":{"line":88,"column":45}},"35":{"start":{"line":89,"column":23},"end":{"line":89,"column":37}},"36":{"start":{"line":90,"column":5},"end":{"line":100,"column":6}},"37":{"start":{"line":91,"column":9},"end":{"line":91,"column":52}},"38":{"start":{"line":92,"column":12},"end":{"line":100,"column":6}},"39":{"start":{"line":93,"column":9},"end":{"line":93,"column":76}},"40":{"start":{"line":94,"column":12},"end":{"line":100,"column":6}},"41":{"start":{"line":95,"column":9},"end":{"line":95,"column":52}},"42":{"start":{"line":96,"column":12},"end":{"line":100,"column":6}},"43":{"start":{"line":97,"column":9},"end":{"line":97,"column":56}},"44":{"start":{"line":99,"column":9},"end":{"line":99,"column":36}},"45":{"start":{"line":101,"column":5},"end":{"line":101,"column":62}},"46":{"start":{"line":104,"column":1},"end":{"line":123,"column":2}},"47":{"start":{"line":105,"column":23},"end":{"line":105,"column":40}},"48":{"start":{"line":107,"column":5},"end":{"line":115,"column":6}},"49":{"start":{"line":108,"column":9},"end":{"line":110,"column":11}},"50":{"start":{"line":112,"column":9},"end":{"line":114,"column":11}},"51":{"start":{"line":116,"column":5},"end":{"line":122,"column":6}},"52":{"start":{"line":117,"column":9},"end":{"line":117,"column":65}},"53":{"start":{"line":119,"column":9},"end":{"line":121,"column":11}},"54":{"start":{"line":125,"column":1},"end":{"line":148,"column":2}},"55":{"start":{"line":126,"column":23},"end":{"line":126,"column":40}},"56":{"start":{"line":127,"column":5},"end":{"line":147,"column":6}},"57":{"start":{"line":128,"column":22},"end":{"line":132,"column":18}},"58":{"start":{"line":133,"column":9},"end":{"line":141,"column":10}},"59":{"start":{"line":134,"column":13},"end":{"line":136,"column":15}},"60":{"start":{"line":138,"column":13},"end":{"line":140,"column":15}},"61":{"start":{"line":143,"column":9},"end":{"line":143,"column":68}},"62":{"start":{"line":144,"column":9},"end":{"line":146,"column":11}}},"fnMap":{"0":{"name":"(anonymous_0)","decl":{"start":{"line":9,"column":18},"end":{"line":9,"column":19}},"loc":{"start":{"line":9,"column":33},"end":{"line":20,"column":2}},"line":9},"1":{"name":"(anonymous_1)","decl":{"start":{"line":22,"column":21},"end":{"line":22,"column":22}},"loc":{"start":{"line":22,"column":49},"end":{"line":35,"column":2}},"line":22},"2":{"name":"(anonymous_2)","decl":{"start":{"line":37,"column":30},"end":{"line":37,"column":31}},"loc":{"start":{"line":37,"column":73},"end":{"line":51,"column":2}},"line":37},"3":{"name":"(anonymous_3)","decl":{"start":{"line":53,"column":21},"end":{"line":53,"column":22}},"loc":{"start":{"line":53,"column":49},"end":{"line":66,"column":2}},"line":53},"4":{"name":"(anonymous_4)","decl":{"start":{"line":68,"column":23},"end":{"line":68,"column":24}},"loc":{"start":{"line":68,"column":53},"end":{"line":81,"column":2}},"line":68},"5":{"name":"(anonymous_5)","decl":{"start":{"line":85,"column":19},"end":{"line":85,"column":20}},"loc":{"start":{"line":85,"column":39},"end":{"line":102,"column":2}},"line":85},"6":{"name":"(anonymous_6)","decl":{"start":{"line":104,"column":20},"end":{"line":104,"column":21}},"loc":{"start":{"line":104,"column":40},"end":{"line":123,"column":2}},"line":104},"7":{"name":"(anonymous_7)","decl":{"start":{"line":125,"column":18},"end":{"line":125,"column":19}},"loc":{"start":{"line":125,"column":38},"end":{"line":148,"column":2}},"line":125}},"branchMap":{"0":{"loc":{"start":{"line":90,"column":5},"end":{"line":100,"column":6}},"type":"if","locations":[{"start":{"line":90,"column":5},"end":{"line":100,"column":6}},{"start":{"line":92,"column":12},"end":{"line":100,"column":6}}],"line":90},"1":{"loc":{"start":{"line":92,"column":12},"end":{"line":100,"column":6}},"type":"if","locations":[{"start":{"line":92,"column":12},"end":{"line":100,"column":6}},{"start":{"line":94,"column":12},"end":{"line":100,"column":6}}],"line":92},"2":{"loc":{"start":{"line":92,"column":16},"end":{"line":92,"column":44}},"type":"binary-expr","locations":[{"start":{"line":92,"column":16},"end":{"line":92,"column":27}},{"start":{"line":92,"column":31},"end":{"line":92,"column":44}}],"line":92},"3":{"loc":{"start":{"line":94,"column":12},"end":{"line":100,"column":6}},"type":"if","locations":[{"start":{"line":94,"column":12},"end":{"line":100,"column":6}},{"start":{"line":96,"column":12},"end":{"line":100,"column":6}}],"line":94},"4":{"loc":{"start":{"line":96,"column":12},"end":{"line":100,"column":6}},"type":"if","locations":[{"start":{"line":96,"column":12},"end":{"line":100,"column":6}},{"start":{"line":98,"column":12},"end":{"line":100,"column":6}}],"line":96},"5":{"loc":{"start":{"line":116,"column":5},"end":{"line":122,"column":6}},"type":"if","locations":[{"start":{"line":116,"column":5},"end":{"line":122,"column":6}},{"start":{"line":118,"column":12},"end":{"line":122,"column":6}}],"line":116},"6":{"loc":{"start":{"line":133,"column":9},"end":{"line":141,"column":10}},"type":"if","locations":[{"start":{"line":133,"column":9},"end":{"line":141,"column":10}},{"start":{"line":137,"column":16},"end":{"line":141,"column":10}}],"line":133}},"s":{"0":3,"1":3,"2":3,"3":2,"4":2,"5":1,"6":0,"7":1,"8":3,"9":2,"10":2,"11":1,"12":0,"13":1,"14":3,"15":2,"16":2,"17":1,"18":0,"19":1,"20":3,"21":2,"22":2,"23":1,"24":0,"25":1,"26":3,"27":2,"28":2,"29":1,"30":0,"31":1,"32":3,"33":10,"34":10,"35":10,"36":10,"37":2,"38":8,"39":2,"40":6,"41":2,"42":4,"43":2,"44":2,"45":5,"46":3,"47":3,"48":3,"49":3,"50":0,"51":3,"52":2,"53":1,"54":3,"55":3,"56":3,"57":3,"58":2,"59":1,"60":1,"61":1,"62":0},"f":{"0":2,"1":2,"2":2,"3":2,"4":2,"5":10,"6":3,"7":3},"b":{"0":[2,8],"1":[2,6],"2":[8,4],"3":[2,4],"4":[2,2],"5":[2,1],"6":[1,1]},"_coverageSchema":"1a1c01bbd47fc00a2c39e90264f33305004495a9","hash":"7936548bdfab42f5074d797eb74d597f19f4deab"}
,"/Users/avijeetnair/Desktop/Relevel Projects/BackEnd/CRM_Backend/middlewares/authjwt.js": {"path":"/Users/avijeetnair/Desktop/Relevel Projects/BackEnd/CRM_Backend/middlewares/authjwt.js","statementMap":{"0":{"start":{"line":1,"column":12},"end":{"line":1,"column":35}},"1":{"start":{"line":2,"column":19},"end":{"line":2,"column":52}},"2":{"start":{"line":3,"column":18},"end":{"line":3,"column":47}},"3":{"start":{"line":4,"column":13},"end":{"line":4,"column":44}},"4":{"start":{"line":6,"column":20},"end":{"line":27,"column":1}},"5":{"start":{"line":8,"column":16},"end":{"line":8,"column":45}},"6":{"start":{"line":10,"column":4},"end":{"line":14,"column":5}},"7":{"start":{"line":11,"column":8},"end":{"line":13,"column":10}},"8":{"start":{"line":16,"column":4},"end":{"line":25,"column":10}},"9":{"start":{"line":18,"column":12},"end":{"line":22,"column":13}},"10":{"start":{"line":19,"column":16},"end":{"line":21,"column":18}},"11":{"start":{"line":23,"column":12},"end":{"line":23,"column":40}},"12":{"start":{"line":24,"column":12},"end":{"line":24,"column":18}},"13":{"start":{"line":29,"column":16},"end":{"line":41,"column":1}},"14":{"start":{"line":30,"column":17},"end":{"line":32,"column":6}},"15":{"start":{"line":33,"column":4},"end":{"line":40,"column":5}},"16":{"start":{"line":34,"column":8},"end":{"line":34,"column":15}},"17":{"start":{"line":36,"column":8},"end":{"line":38,"column":10}},"18":{"start":{"line":39,"column":8},"end":{"line":39,"column":15}},"19":{"start":{"line":43,"column":0},"end":{"line":46,"column":1}}},"fnMap":{"0":{"name":"(anonymous_0)","decl":{"start":{"line":6,"column":20},"end":{"line":6,"column":21}},"loc":{"start":{"line":6,"column":40},"end":{"line":27,"column":1}},"line":6},"1":{"name":"(anonymous_1)","decl":{"start":{"line":17,"column":8},"end":{"line":17,"column":9}},"loc":{"start":{"line":17,"column":26},"end":{"line":25,"column":9}},"line":17},"2":{"name":"(anonymous_2)","decl":{"start":{"line":29,"column":16},"end":{"line":29,"column":17}},"loc":{"start":{"line":29,"column":42},"end":{"line":41,"column":1}},"line":29}},"branchMap":{"0":{"loc":{"start":{"line":10,"column":4},"end":{"line":14,"column":5}},"type":"if","locations":[{"start":{"line":10,"column":4},"end":{"line":14,"column":5}},{"start":{},"end":{}}],"line":10},"1":{"loc":{"start":{"line":18,"column":12},"end":{"line":22,"column":13}},"type":"if","locations":[{"start":{"line":18,"column":12},"end":{"line":22,"column":13}},{"start":{},"end":{}}],"line":18},"2":{"loc":{"start":{"line":33,"column":4},"end":{"line":40,"column":5}},"type":"if","locations":[{"start":{"line":33,"column":4},"end":{"line":40,"column":5}},{"start":{"line":35,"column":11},"end":{"line":40,"column":5}}],"line":33},"3":{"loc":{"start":{"line":33,"column":8},"end":{"line":33,"column":58}},"type":"binary-expr","locations":[{"start":{"line":33,"column":8},"end":{"line":33,"column":12}},{"start":{"line":33,"column":16},"end":{"line":33,"column":58}}],"line":33}},"s":{"0":2,"1":2,"2":2,"3":2,"4":2,"5":3,"6":3,"7":0,"8":3,"9":3,"10":0,"11":3,"12":3,"13":2,"14":3,"15":3,"16":0,"17":3,"18":3,"19":2},"f":{"0":3,"1":3,"2":3},"b":{"0":[0,3],"1":[0,3],"2":[0,3],"3":[3,0]},"_coverageSchema":"1a1c01bbd47fc00a2c39e90264f33305004495a9","hash":"8975a2b977ea191cf8df117efead037f375101d9"}
,"/Users/avijeetnair/Desktop/Relevel Projects/BackEnd/CRM_Backend/models/ticket.model.js": {"path":"/Users/avijeetnair/Desktop/Relevel Projects/BackEnd/CRM_Backend/models/ticket.model.js","statementMap":{"0":{"start":{"line":1,"column":17},"end":{"line":1,"column":36}},"1":{"start":{"line":2,"column":25},"end":{"line":2,"column":54}},"2":{"start":{"line":4,"column":21},"end":{"line":38,"column":2}},"3":{"start":{"line":32,"column":23},"end":{"line":32,"column":33}},"4":{"start":{"line":36,"column":23},"end":{"line":36,"column":33}},"5":{"start":{"line":40,"column":0},"end":{"line":40,"column":55}}},"fnMap":{"0":{"name":"(anonymous_0)","decl":{"start":{"line":32,"column":17},"end":{"line":32,"column":18}},"loc":{"start":{"line":32,"column":23},"end":{"line":32,"column":33}},"line":32},"1":{"name":"(anonymous_1)","decl":{"start":{"line":36,"column":17},"end":{"line":36,"column":18}},"loc":{"start":{"line":36,"column":23},"end":{"line":36,"column":33}},"line":36}},"branchMap":{},"s":{"0":3,"1":3,"2":3,"3":0,"4":0,"5":3},"f":{"0":0,"1":0},"b":{},"_coverageSchema":"1a1c01bbd47fc00a2c39e90264f33305004495a9","hash":"c40e637650d56a9d07ab60f6f020eaae9a7de8ec"}
,"/Users/avijeetnair/Desktop/Relevel Projects/BackEnd/CRM_Backend/models/user.model.js": {"path":"/Users/avijeetnair/Desktop/Relevel Projects/BackEnd/CRM_Backend/models/user.model.js","statementMap":{"0":{"start":{"line":1,"column":17},"end":{"line":1,"column":36}},"1":{"start":{"line":3,"column":19},"end":{"line":51,"column":2}},"2":{"start":{"line":27,"column":23},"end":{"line":27,"column":33}},"3":{"start":{"line":31,"column":23},"end":{"line":31,"column":33}},"4":{"start":{"line":53,"column":0},"end":{"line":53,"column":51}}},"fnMap":{"0":{"name":"(anonymous_0)","decl":{"start":{"line":27,"column":17},"end":{"line":27,"column":18}},"loc":{"start":{"line":27,"column":23},"end":{"line":27,"column":33}},"line":27},"1":{"name":"(anonymous_1)","decl":{"start":{"line":31,"column":17},"end":{"line":31,"column":18}},"loc":{"start":{"line":31,"column":23},"end":{"line":31,"column":33}},"line":31}},"branchMap":{},"s":{"0":5,"1":5,"2":5,"3":5,"4":5},"f":{"0":5,"1":5},"b":{},"_coverageSchema":"1a1c01bbd47fc00a2c39e90264f33305004495a9","hash":"de56a0f7d27763357f66df07c79ea6036f1b3871"}
,"/Users/avijeetnair/Desktop/Relevel Projects/BackEnd/CRM_Backend/routes/auth.routes.js": {"path":"/Users/avijeetnair/Desktop/Relevel Projects/BackEnd/CRM_Backend/routes/auth.routes.js","statementMap":{"0":{"start":{"line":1,"column":23},"end":{"line":1,"column":64}},"1":{"start":{"line":3,"column":0},"end":{"line":6,"column":1}},"2":{"start":{"line":4,"column":4},"end":{"line":4,"column":59}},"3":{"start":{"line":5,"column":4},"end":{"line":5,"column":59}}},"fnMap":{"0":{"name":"(anonymous_0)","decl":{"start":{"line":3,"column":17},"end":{"line":3,"column":18}},"loc":{"start":{"line":3,"column":30},"end":{"line":6,"column":1}},"line":3}},"branchMap":{},"s":{"0":2,"1":2,"2":2,"3":2},"f":{"0":2},"b":{},"_coverageSchema":"1a1c01bbd47fc00a2c39e90264f33305004495a9","hash":"7e6fbf4980ec1c226ab46faea95d18aa12e0c9b2"}
,"/Users/avijeetnair/Desktop/Relevel Projects/BackEnd/CRM_Backend/routes/ticket.routes.js": {"path":"/Users/avijeetnair/Desktop/Relevel Projects/BackEnd/CRM_Backend/routes/ticket.routes.js","statementMap":{"0":{"start":{"line":1,"column":25},"end":{"line":1,"column":68}},"1":{"start":{"line":2,"column":16},"end":{"line":2,"column":49}},"2":{"start":{"line":4,"column":0},"end":{"line":17,"column":1}},"3":{"start":{"line":5,"column":4},"end":{"line":7,"column":38}},"4":{"start":{"line":8,"column":4},"end":{"line":10,"column":38}},"5":{"start":{"line":11,"column":4},"end":{"line":13,"column":39}},"6":{"start":{"line":14,"column":4},"end":{"line":16,"column":38}}},"fnMap":{"0":{"name":"(anonymous_0)","decl":{"start":{"line":4,"column":17},"end":{"line":4,"column":18}},"loc":{"start":{"line":4,"column":32},"end":{"line":17,"column":1}},"line":4}},"branchMap":{},"s":{"0":2,"1":2,"2":2,"3":2,"4":2,"5":2,"6":2},"f":{"0":2},"b":{},"_coverageSchema":"1a1c01bbd47fc00a2c39e90264f33305004495a9","hash":"05ee1e25a1e60ff27d878239a519464631da4adb"}
,"/Users/avijeetnair/Desktop/Relevel Projects/BackEnd/CRM_Backend/routes/user.routes.js": {"path":"/Users/avijeetnair/Desktop/Relevel Projects/BackEnd/CRM_Backend/routes/user.routes.js","statementMap":{"0":{"start":{"line":1,"column":16},"end":{"line":1,"column":49}},"1":{"start":{"line":2,"column":23},"end":{"line":2,"column":64}},"2":{"start":{"line":4,"column":0},"end":{"line":16,"column":1}},"3":{"start":{"line":5,"column":4},"end":{"line":7,"column":31}},"4":{"start":{"line":8,"column":4},"end":{"line":11,"column":5}},"5":{"start":{"line":12,"column":4},"end":{"line":15,"column":5}}},"fnMap":{"0":{"name":"(anonymous_0)","decl":{"start":{"line":4,"column":17},"end":{"line":4,"column":18}},"loc":{"start":{"line":4,"column":32},"end":{"line":16,"column":1}},"line":4}},"branchMap":{},"s":{"0":2,"1":2,"2":2,"3":2,"4":2,"5":2},"f":{"0":2},"b":{},"_coverageSchema":"1a1c01bbd47fc00a2c39e90264f33305004495a9","hash":"ab92e97b436781449c6fc24c6aa5cd30f765d0f6"}
,"/Users/avijeetnair/Desktop/Relevel Projects/BackEnd/CRM_Backend/tests/db.js": {"path":"/Users/avijeetnair/Desktop/Relevel Projects/BackEnd/CRM_Backend/tests/db.js","statementMap":{"0":{"start":{"line":1,"column":30},"end":{"line":1,"column":62}},"1":{"start":{"line":2,"column":17},"end":{"line":2,"column":36}},"2":{"start":{"line":6,"column":0},"end":{"line":16,"column":1}},"3":{"start":{"line":7,"column":4},"end":{"line":15,"column":5}},"4":{"start":{"line":8,"column":8},"end":{"line":8,"column":49}},"5":{"start":{"line":9,"column":20},"end":{"line":9,"column":35}},"6":{"start":{"line":10,"column":28},"end":{"line":13,"column":9}},"7":{"start":{"line":14,"column":8},"end":{"line":14,"column":48}},"8":{"start":{"line":18,"column":0},"end":{"line":22,"column":1}},"9":{"start":{"line":19,"column":4},"end":{"line":19,"column":44}},"10":{"start":{"line":20,"column":4},"end":{"line":20,"column":37}},"11":{"start":{"line":21,"column":4},"end":{"line":21,"column":35}},"12":{"start":{"line":21,"column":16},"end":{"line":21,"column":35}},"13":{"start":{"line":24,"column":0},"end":{"line":31,"column":1}},"14":{"start":{"line":25,"column":24},"end":{"line":25,"column":61}},"15":{"start":{"line":26,"column":4},"end":{"line":30,"column":5}},"16":{"start":{"line":27,"column":8},"end":{"line":27,"column":25}},"17":{"start":{"line":28,"column":27},"end":{"line":28,"column":44}},"18":{"start":{"line":29,"column":8},"end":{"line":29,"column":37}}},"fnMap":{"0":{"name":"(anonymous_0)","decl":{"start":{"line":6,"column":18},"end":{"line":6,"column":19}},"loc":{"start":{"line":6,"column":30},"end":{"line":16,"column":1}},"line":6},"1":{"name":"(anonymous_1)","decl":{"start":{"line":18,"column":24},"end":{"line":18,"column":25}},"loc":{"start":{"line":18,"column":36},"end":{"line":22,"column":1}},"line":18},"2":{"name":"(anonymous_2)","decl":{"start":{"line":24,"column":24},"end":{"line":24,"column":25}},"loc":{"start":{"line":24,"column":36},"end":{"line":31,"column":1}},"line":24}},"branchMap":{"0":{"loc":{"start":{"line":7,"column":4},"end":{"line":15,"column":5}},"type":"if","locations":[{"start":{"line":7,"column":4},"end":{"line":15,"column":5}},{"start":{},"end":{}}],"line":7},"1":{"loc":{"start":{"line":21,"column":4},"end":{"line":21,"column":35}},"type":"if","locations":[{"start":{"line":21,"column":4},"end":{"line":21,"column":35}},{"start":{},"end":{}}],"line":21}},"s":{"0":3,"1":3,"2":3,"3":1,"4":1,"5":1,"6":1,"7":1,"8":3,"9":3,"10":3,"11":3,"12":1,"13":3,"14":8,"15":8,"16":10,"17":10,"18":10},"f":{"0":1,"1":3,"2":8},"b":{"0":[1,0],"1":[1,2]},"_coverageSchema":"1a1c01bbd47fc00a2c39e90264f33305004495a9","hash":"91d5ecb76b8d3e2b82a12a6f899fe78cf49d1948"}
,"/Users/avijeetnair/Desktop/Relevel Projects/BackEnd/CRM_Backend/tests/interceptor.js": {"path":"/Users/avijeetnair/Desktop/Relevel Projects/BackEnd/CRM_Backend/tests/interceptor.js","statementMap":{"0":{"start":{"line":1,"column":0},"end":{"line":15,"column":1}},"1":{"start":{"line":3,"column":20},"end":{"line":3,"column":22}},"2":{"start":{"line":4,"column":8},"end":{"line":4,"column":49}},"3":{"start":{"line":5,"column":8},"end":{"line":5,"column":51}},"4":{"start":{"line":6,"column":8},"end":{"line":6,"column":18}},"5":{"start":{"line":9,"column":20},"end":{"line":9,"column":22}},"6":{"start":{"line":10,"column":8},"end":{"line":10,"column":49}},"7":{"start":{"line":11,"column":8},"end":{"line":11,"column":51}},"8":{"start":{"line":12,"column":8},"end":{"line":12,"column":49}},"9":{"start":{"line":13,"column":8},"end":{"line":13,"column":18}}},"fnMap":{"0":{"name":"(anonymous_0)","decl":{"start":{"line":2,"column":17},"end":{"line":2,"column":18}},"loc":{"start":{"line":2,"column":23},"end":{"line":7,"column":5}},"line":2},"1":{"name":"(anonymous_1)","decl":{"start":{"line":8,"column":18},"end":{"line":8,"column":19}},"loc":{"start":{"line":8,"column":24},"end":{"line":14,"column":5}},"line":8}},"branchMap":{},"s":{"0":3,"1":26,"2":26,"3":26,"4":26,"5":26,"6":26,"7":26,"8":26,"9":26},"f":{"0":26,"1":26},"b":{},"_coverageSchema":"1a1c01bbd47fc00a2c39e90264f33305004495a9","hash":"dabc962087c3e1ffa58b678307ddad696ed628bf"}
,"/Users/avijeetnair/Desktop/Relevel Projects/BackEnd/CRM_Backend/utils/NotificationClient.js": {"path":"/Users/avijeetnair/Desktop/Relevel Projects/BackEnd/CRM_Backend/utils/NotificationClient.js","statementMap":{"0":{"start":{"line":1,"column":15},"end":{"line":1,"column":49}},"1":{"start":{"line":3,"column":15},"end":{"line":3,"column":27}},"2":{"start":{"line":5,"column":0},"end":{"line":26,"column":1}},"3":{"start":{"line":6,"column":18},"end":{"line":12,"column":5}},"4":{"start":{"line":14,"column":17},"end":{"line":17,"column":5}},"5":{"start":{"line":19,"column":4},"end":{"line":25,"column":5}},"6":{"start":{"line":22,"column":12},"end":{"line":22,"column":39}},"7":{"start":{"line":23,"column":12},"end":{"line":23,"column":29}}},"fnMap":{"0":{"name":"(anonymous_0)","decl":{"start":{"line":5,"column":17},"end":{"line":5,"column":18}},"loc":{"start":{"line":5,"column":70},"end":{"line":26,"column":1}},"line":5},"1":{"name":"(anonymous_1)","decl":{"start":{"line":21,"column":8},"end":{"line":21,"column":9}},"loc":{"start":{"line":21,"column":28},"end":{"line":24,"column":9}},"line":21}},"branchMap":{},"s":{"0":3,"1":3,"2":3,"3":0,"4":0,"5":0,"6":0,"7":0},"f":{"0":0,"1":0},"b":{},"_coverageSchema":"1a1c01bbd47fc00a2c39e90264f33305004495a9","hash":"93487bd7eb4b4e4849cc3fe5f382f365d3e10e1d"}
,"/Users/avijeetnair/Desktop/Relevel Projects/BackEnd/CRM_Backend/utils/constants.js": {"path":"/Users/avijeetnair/Desktop/Relevel Projects/BackEnd/CRM_Backend/utils/constants.js","statementMap":{"0":{"start":{"line":1,"column":0},"end":{"line":18,"column":1}}},"fnMap":{},"branchMap":{},"s":{"0":4},"f":{},"b":{},"_coverageSchema":"1a1c01bbd47fc00a2c39e90264f33305004495a9","hash":"a453201bdb1cf7682139cc6daf0703b8ba28b88b"}
,"/Users/avijeetnair/Desktop/Relevel Projects/BackEnd/CRM_Backend/utils/objectConverter.js": {"path":"/Users/avijeetnair/Desktop/Relevel Projects/BackEnd/CRM_Backend/utils/objectConverter.js","statementMap":{"0":{"start":{"line":1,"column":0},"end":{"line":13,"column":1}},"1":{"start":{"line":2,"column":22},"end":{"line":2,"column":24}},"2":{"start":{"line":3,"column":4},"end":{"line":11,"column":7}},"3":{"start":{"line":4,"column":8},"end":{"line":10,"column":10}},"4":{"start":{"line":12,"column":4},"end":{"line":12,"column":22}},"5":{"start":{"line":15,"column":0},"end":{"line":27,"column":1}},"6":{"start":{"line":16,"column":4},"end":{"line":26,"column":5}},"7":{"start":{"line":29,"column":0},"end":{"line":34,"column":1}},"8":{"start":{"line":30,"column":23},"end":{"line":30,"column":25}},"9":{"start":{"line":31,"column":4},"end":{"line":32,"column":5}},"10":{"start":{"line":31,"column":32},"end":{"line":31,"column":88}},"11":{"start":{"line":33,"column":4},"end":{"line":33,"column":23}}},"fnMap":{"0":{"name":"(anonymous_0)","decl":{"start":{"line":1,"column":23},"end":{"line":1,"column":24}},"loc":{"start":{"line":1,"column":34},"end":{"line":13,"column":1}},"line":1},"1":{"name":"(anonymous_1)","decl":{"start":{"line":3,"column":18},"end":{"line":3,"column":19}},"loc":{"start":{"line":3,"column":26},"end":{"line":11,"column":5}},"line":3},"2":{"name":"(anonymous_2)","decl":{"start":{"line":15,"column":25},"end":{"line":15,"column":26}},"loc":{"start":{"line":15,"column":37},"end":{"line":27,"column":1}},"line":15},"3":{"name":"(anonymous_3)","decl":{"start":{"line":29,"column":29},"end":{"line":29,"column":30}},"loc":{"start":{"line":29,"column":42},"end":{"line":34,"column":1}},"line":29},"4":{"name":"(anonymous_4)","decl":{"start":{"line":31,"column":20},"end":{"line":31,"column":21}},"loc":{"start":{"line":31,"column":30},"end":{"line":31,"column":90}},"line":31}},"branchMap":{},"s":{"0":4,"1":7,"2":7,"3":6,"4":6,"5":4,"6":2,"7":4,"8":1,"9":1,"10":1,"11":1},"f":{"0":7,"1":6,"2":2,"3":1,"4":1},"b":{},"_coverageSchema":"1a1c01bbd47fc00a2c39e90264f33305004495a9","hash":"dfdf3f26990444ec64fb3ea0bae92e084e05ab1a"}
}
