TN:
SF:app.js
FN:12,init
FN:39,(anonymous_1)
FN:40,(anonymous_2)
FN:56,(anonymous_3)
FNF:4
FNH:3
FNDA:2,init
FNDA:0,(anonymous_1)
FNDA:2,(anonymous_2)
FNDA:2,(anonymous_3)
DA:1,2
DA:2,2
DA:3,2
DA:4,2
DA:5,2
DA:6,2
DA:7,2
DA:8,2
DA:9,2
DA:13,2
DA:15,2
DA:16,0
DA:17,0
DA:20,2
DA:21,2
DA:29,2
DA:32,0
DA:36,2
DA:37,2
DA:38,2
DA:39,2
DA:40,2
DA:41,2
DA:42,2
DA:44,2
DA:45,2
DA:47,2
DA:48,2
DA:50,2
DA:51,2
DA:56,2
LF:31
LH:28
BRDA:15,0,0,0
BRDA:15,0,1,2
BRF:2
BRH:1
end_of_record
TN:
SF:configs/auth.config.js
FNF:0
FNH:0
DA:1,3
LF:1
LH:1
BRF:0
BRH:0
end_of_record
TN:
SF:configs/db.config.js
FNF:0
FNH:0
DA:1,2
LF:1
LH:1
BRF:0
BRH:0
end_of_record
TN:
SF:controllers/auth.controller.js
FN:9,(anonymous_0)
FN:49,(anonymous_1)
FNF:2
FNH:2
FNDA:3,(anonymous_0)
FNDA:5,(anonymous_1)
DA:1,3
DA:2,3
DA:3,3
DA:4,3
DA:5,3
DA:6,3
DA:9,3
DA:12,3
DA:14,1
DA:16,2
DA:19,3
DA:20,3
DA:29,3
DA:30,3
DA:31,2
DA:40,2
DA:42,1
DA:43,1
DA:49,3
DA:50,5
DA:51,5
DA:53,5
DA:54,1
DA:57,1
DA:60,4
DA:61,1
DA:64,1
DA:67,3
DA:72,3
DA:73,1
DA:76,1
DA:79,2
DA:83,2
LF:33
LH:33
BRDA:12,0,0,1
BRDA:12,0,1,2
BRDA:12,1,0,3
BRDA:12,1,1,2
BRDA:53,2,0,1
BRDA:53,2,1,4
BRDA:60,3,0,1
BRDA:60,3,1,3
BRDA:72,4,0,1
BRDA:72,4,1,2
BRF:10
BRH:10
end_of_record
TN:
SF:controllers/ticket.controller.js
FN:7,(anonymous_0)
FN:53,(anonymous_1)
FN:59,(anonymous_2)
FN:109,(anonymous_3)
FN:137,(anonymous_4)
FNF:5
FNH:5
FNDA:1,(anonymous_0)
FNDA:1,(anonymous_1)
FNDA:1,(anonymous_2)
FNDA:1,(anonymous_3)
FNDA:1,(anonymous_4)
DA:1,3
DA:2,3
DA:3,3
DA:4,3
DA:5,3
DA:7,3
DA:8,1
DA:16,1
DA:21,1
DA:23,1
DA:24,1
DA:26,0
DA:27,0
DA:30,0
DA:31,0
DA:33,0
DA:34,0
DA:36,0
DA:43,0
DA:46,1
DA:47,1
DA:53,3
DA:54,1
DA:59,3
DA:60,1
DA:62,1
DA:66,1
DA:67,0
DA:70,0
DA:73,0
DA:76,0
DA:79,0
DA:82,0
DA:84,0
DA:88,0
DA:92,0
DA:99,0
DA:102,1
DA:103,1
DA:109,3
DA:116,1
DA:118,1
DA:119,1
DA:122,1
DA:124,1
DA:126,1
DA:127,0
DA:129,1
DA:132,1
DA:133,1
DA:137,3
DA:138,1
DA:142,1
LF:53
LH:34
BRDA:26,0,0,0
BRDA:26,0,1,0
BRDA:54,1,0,1
BRDA:54,1,1,1
BRDA:54,1,2,1
BRDA:66,2,0,0
BRDA:66,2,1,1
BRDA:67,3,0,0
BRDA:67,3,1,0
BRDA:70,4,0,0
BRDA:70,4,1,0
BRDA:73,5,0,0
BRDA:73,5,1,0
BRDA:76,6,0,0
BRDA:76,6,1,0
BRDA:79,7,0,0
BRDA:79,7,1,0
BRDA:118,8,0,1
BRDA:118,8,1,0
BRDA:124,9,0,0
BRDA:124,9,1,1
BRDA:126,10,0,0
BRDA:126,10,1,1
BRF:23
BRH:7
end_of_record
TN:
SF:controllers/user.controller.js
FN:9,(anonymous_0)
FN:22,(anonymous_1)
FN:37,(anonymous_2)
FN:53,(anonymous_3)
FN:68,(anonymous_4)
FN:85,(anonymous_5)
FN:104,(anonymous_6)
FN:125,(anonymous_7)
FNF:8
FNH:8
FNDA:2,(anonymous_0)
FNDA:2,(anonymous_1)
FNDA:2,(anonymous_2)
FNDA:2,(anonymous_3)
FNDA:2,(anonymous_4)
FNDA:10,(anonymous_5)
FNDA:3,(anonymous_6)
FNDA:3,(anonymous_7)
DA:6,3
DA:7,3
DA:9,3
DA:11,2
DA:12,2
DA:14,1
DA:15,0
DA:19,1
DA:22,3
DA:24,2
DA:25,2
DA:29,1
DA:30,0
DA:34,1
DA:37,3
DA:39,2
DA:40,2
DA:45,1
DA:46,0
DA:50,1
DA:53,3
DA:55,2
DA:56,2
DA:60,1
DA:61,0
DA:65,1
DA:68,3
DA:70,2
DA:71,2
DA:75,1
DA:76,0
DA:80,1
DA:85,3
DA:87,10
DA:88,10
DA:89,10
DA:90,10
DA:91,2
DA:92,8
DA:93,2
DA:94,6
DA:95,2
DA:96,4
DA:97,2
DA:99,2
DA:101,5
DA:104,3
DA:105,3
DA:107,3
DA:108,3
DA:112,0
DA:116,3
DA:117,2
DA:119,1
DA:125,3
DA:126,3
DA:127,3
DA:128,3
DA:133,2
DA:134,1
DA:138,1
DA:143,1
DA:144,0
LF:63
LH:56
BRDA:90,0,0,2
BRDA:90,0,1,8
BRDA:92,1,0,2
BRDA:92,1,1,6
BRDA:92,2,0,8
BRDA:92,2,1,4
BRDA:94,3,0,2
BRDA:94,3,1,4
BRDA:96,4,0,2
BRDA:96,4,1,2
BRDA:116,5,0,2
BRDA:116,5,1,1
BRDA:133,6,0,1
BRDA:133,6,1,1
BRF:14
BRH:14
end_of_record
TN:
SF:middlewares/authjwt.js
FN:6,(anonymous_0)
FN:17,(anonymous_1)
FN:29,(anonymous_2)
FNF:3
FNH:3
FNDA:3,(anonymous_0)
FNDA:3,(anonymous_1)
FNDA:3,(anonymous_2)
DA:1,2
DA:2,2
DA:3,2
DA:4,2
DA:6,2
DA:8,3
DA:10,3
DA:11,0
DA:16,3
DA:18,3
DA:19,0
DA:23,3
DA:24,3
DA:29,2
DA:30,3
DA:33,3
DA:34,0
DA:36,3
DA:39,3
DA:43,2
LF:20
LH:17
BRDA:10,0,0,0
BRDA:10,0,1,3
BRDA:18,1,0,0
BRDA:18,1,1,3
BRDA:33,2,0,0
BRDA:33,2,1,3
BRDA:33,3,0,3
BRDA:33,3,1,0
BRF:8
BRH:4
end_of_record
TN:
SF:models/ticket.model.js
FN:32,(anonymous_0)
FN:36,(anonymous_1)
FNF:2
FNH:0
FNDA:0,(anonymous_0)
FNDA:0,(anonymous_1)
DA:1,3
DA:2,3
DA:4,3
DA:32,0
DA:36,0
DA:40,3
LF:6
LH:4
BRF:0
BRH:0
end_of_record
TN:
SF:models/user.model.js
FN:27,(anonymous_0)
FN:31,(anonymous_1)
FNF:2
FNH:2
FNDA:5,(anonymous_0)
FNDA:5,(anonymous_1)
DA:1,5
DA:3,5
DA:27,5
DA:31,5
DA:53,5
LF:5
LH:5
BRF:0
BRH:0
end_of_record
TN:
SF:routes/auth.routes.js
FN:3,(anonymous_0)
FNF:1
FNH:1
FNDA:2,(anonymous_0)
DA:1,2
DA:3,2
DA:4,2
DA:5,2
LF:4
LH:4
BRF:0
BRH:0
end_of_record
TN:
SF:routes/ticket.routes.js
FN:4,(anonymous_0)
FNF:1
FNH:1
FNDA:2,(anonymous_0)
DA:1,2
DA:2,2
DA:4,2
DA:5,2
DA:8,2
DA:11,2
DA:14,2
LF:7
LH:7
BRF:0
BRH:0
end_of_record
TN:
SF:routes/user.routes.js
FN:4,(anonymous_0)
FNF:1
FNH:1
FNDA:2,(anonymous_0)
DA:1,2
DA:2,2
DA:4,2
DA:5,2
DA:8,2
DA:12,2
LF:6
LH:6
BRF:0
BRH:0
end_of_record
TN:
SF:tests/db.js
FN:6,(anonymous_0)
FN:18,(anonymous_1)
FN:24,(anonymous_2)
FNF:3
FNH:3
FNDA:1,(anonymous_0)
FNDA:3,(anonymous_1)
FNDA:8,(anonymous_2)
DA:1,3
DA:2,3
DA:6,3
DA:7,1
DA:8,1
DA:9,1
DA:10,1
DA:14,1
DA:18,3
DA:19,3
DA:20,3
DA:21,3
DA:24,3
DA:25,8
DA:26,8
DA:27,10
DA:28,10
DA:29,10
LF:18
LH:18
BRDA:7,0,0,1
BRDA:7,0,1,0
BRDA:21,1,0,1
BRDA:21,1,1,2
BRF:4
BRH:3
end_of_record
TN:
SF:tests/interceptor.js
FN:2,(anonymous_0)
FN:8,(anonymous_1)
FNF:2
FNH:2
FNDA:26,(anonymous_0)
FNDA:26,(anonymous_1)
DA:1,3
DA:3,26
DA:4,26
DA:5,26
DA:6,26
DA:9,26
DA:10,26
DA:11,26
DA:12,26
DA:13,26
LF:10
LH:10
BRF:0
BRH:0
end_of_record
TN:
SF:utils/NotificationClient.js
FN:5,(anonymous_0)
FN:21,(anonymous_1)
FNF:2
FNH:0
FNDA:0,(anonymous_0)
FNDA:0,(anonymous_1)
DA:1,3
DA:3,3
DA:5,3
DA:6,0
DA:14,0
DA:19,0
DA:22,0
DA:23,0
LF:8
LH:3
BRF:0
BRH:0
end_of_record
TN:
SF:utils/constants.js
FNF:0
FNH:0
DA:1,4
LF:1
LH:1
BRF:0
BRH:0
end_of_record
TN:
SF:utils/objectConverter.js
FN:1,(anonymous_0)
FN:3,(anonymous_1)
FN:15,(anonymous_2)
FN:29,(anonymous_3)
FN:31,(anonymous_4)
FNF:5
FNH:5
FNDA:7,(anonymous_0)
FNDA:6,(anonymous_1)
FNDA:2,(anonymous_2)
FNDA:1,(anonymous_3)
FNDA:1,(anonymous_4)
DA:1,4
DA:2,7
DA:3,7
DA:4,6
DA:12,6
DA:15,4
DA:16,2
DA:29,4
DA:30,1
DA:31,1
DA:33,1
LF:11
LH:11
BRF:0
BRH:0
end_of_record
